# JRE version: Java(TM) SE Runtime Environment (23.0.1+11) (build 23.0.1+11-39)
# Java VM: Java HotSpot(TM) 64-Bit Server VM (23.0.1+11-39, mixed mode, sharing, tiered, compressed oops, compressed class ptrs, g1 gc, windows-amd64)
GC Precious Log:
 CardTable entry size: 512
 Card Set container configuration: InlinePtr #cards 5 size 8 Array Of Cards #cards 10 size 36 Howl #buckets 4 coarsen threshold 1843 Howl Bitmap #cards 512 size 80 coarsen threshold 460 Card regions per heap region 1 cards per card region 2048
 CPUs: 8 total, 8 available
 Memory: 6082M
 Large Page Support: Disabled
 NUMA Support: Disabled
 Compressed Oops: Enabled (32-bit)
 Heap Region Size: 1M
 Heap Min Capacity: 8M
 Heap Initial Capacity: 96M
 Heap Max Capacity: 1522M
 Pre-touch: Disabled
 Parallel Workers: 8
 Concurrent Workers: 2
 Concurrent Refinement Workers: 8
 Periodic GC: Disabled
Heap:
 garbage-first heap   total reserved 1558528K, committed 92160K, used 70374K [0x00000000a0e00000, 0x0000000100000000)
  region size 1024K, 50 young (51200K), 7 survivors (7168K)
 Metaspace       used 26342K, committed 26688K, reserved 1114112K
  class space    used 3087K, committed 3264K, reserved 1048576K
GC Heap History (14 events):
Event: 3.590 GC heap before
{Heap before GC invocations=0 (full 0):
 garbage-first heap   total reserved 1558528K, committed 98304K, used 23552K [0x00000000a0e00000, 0x0000000100000000)
  region size 1024K, 24 young (24576K), 0 survivors (0K)
 Metaspace       used 5878K, committed 6016K, reserved 1114112K
  class space    used 723K, committed 768K, reserved 1048576K
}
Event: 3.610 GC heap after
{Heap after GC invocations=1 (full 0):
 garbage-first heap   total reserved 1558528K, committed 98304K, used 3840K [0x00000000a0e00000, 0x0000000100000000)
  region size 1024K, 3 young (3072K), 3 survivors (3072K)
 Metaspace       used 5878K, committed 6016K, reserved 1114112K
  class space    used 723K, committed 768K, reserved 1048576K
}
Event: 5.413 GC heap before
{Heap before GC invocations=1 (full 0):
 garbage-first heap   total reserved 1558528K, committed 98304K, used 26368K [0x00000000a0e00000, 0x0000000100000000)
  region size 1024K, 25 young (25600K), 3 survivors (3072K)
 Metaspace       used 8333K, committed 8512K, reserved 1114112K
  class space    used 1026K, committed 1152K, reserved 1048576K
}
Event: 5.428 GC heap after
{Heap after GC invocations=2 (full 0):
 garbage-first heap   total reserved 1558528K, committed 98304K, used 4792K [0x00000000a0e00000, 0x0000000100000000)
  region size 1024K, 1 young (1024K), 1 survivors (1024K)
 Metaspace       used 8333K, committed 8512K, reserved 1114112K
  class space    used 1026K, committed 1152K, reserved 1048576K
}
Event: 12.063 GC heap before
{Heap before GC invocations=2 (full 0):
 garbage-first heap   total reserved 1558528K, committed 98304K, used 52920K [0x00000000a0e00000, 0x0000000100000000)
  region size 1024K, 49 young (50176K), 1 survivors (1024K)
 Metaspace       used 15165K, committed 15424K, reserved 1114112K
  class space    used 1860K, committed 1984K, reserved 1048576K
}
Event: 12.091 GC heap after
{Heap after GC invocations=3 (full 0):
 garbage-first heap   total reserved 1558528K, committed 98304K, used 10936K [0x00000000a0e00000, 0x0000000100000000)
  region size 1024K, 7 young (7168K), 7 survivors (7168K)
 Metaspace       used 15165K, committed 15424K, reserved 1114112K
  class space    used 1860K, committed 1984K, reserved 1048576K
}
Event: 16.006 GC heap before
{Heap before GC invocations=3 (full 0):
 garbage-first heap   total reserved 1558528K, committed 98304K, used 55992K [0x00000000a0e00000, 0x0000000100000000)
  region size 1024K, 51 young (52224K), 7 survivors (7168K)
 Metaspace       used 16058K, committed 16320K, reserved 1114112K
  class space    used 1931K, committed 2048K, reserved 1048576K
}
Event: 16.034 GC heap after
{Heap after GC invocations=4 (full 0):
 garbage-first heap   total reserved 1558528K, committed 98304K, used 14758K [0x00000000a0e00000, 0x0000000100000000)
  region size 1024K, 4 young (4096K), 4 survivors (4096K)
 Metaspace       used 16058K, committed 16320K, reserved 1114112K
  class space    used 1931K, committed 2048K, reserved 1048576K
}
Event: 18.682 GC heap before
{Heap before GC invocations=4 (full 0):
 garbage-first heap   total reserved 1558528K, committed 98304K, used 62886K [0x00000000a0e00000, 0x0000000100000000)
  region size 1024K, 51 young (52224K), 4 survivors (4096K)
 Metaspace       used 16428K, committed 16704K, reserved 1114112K
  class space    used 1936K, committed 2048K, reserved 1048576K
}
Event: 18.696 GC heap after
{Heap after GC invocations=5 (full 0):
 garbage-first heap   total reserved 1558528K, committed 98304K, used 16695K [0x00000000a0e00000, 0x0000000100000000)
  region size 1024K, 6 young (6144K), 6 survivors (6144K)
 Metaspace       used 16428K, committed 16704K, reserved 1114112K
  class space    used 1936K, committed 2048K, reserved 1048576K
}
Event: 27.461 GC heap before
{Heap before GC invocations=5 (full 0):
 garbage-first heap   total reserved 1558528K, committed 98304K, used 87351K [0x00000000a0e00000, 0x0000000100000000)
  region size 1024K, 44 young (45056K), 6 survivors (6144K)
 Metaspace       used 20149K, committed 20416K, reserved 1114112K
  class space    used 2358K, committed 2496K, reserved 1048576K
}
Event: 27.483 GC heap after
{Heap after GC invocations=6 (full 0):
 garbage-first heap   total reserved 1558528K, committed 98304K, used 18167K [0x00000000a0e00000, 0x0000000100000000)
  region size 1024K, 5 young (5120K), 5 survivors (5120K)
 Metaspace       used 20149K, committed 20416K, reserved 1114112K
  class space    used 2358K, committed 2496K, reserved 1048576K
}
Event: 30.876 GC heap before
{Heap before GC invocations=6 (full 0):
 garbage-first heap   total reserved 1558528K, committed 98304K, used 39671K [0x00000000a0e00000, 0x0000000100000000)
  region size 1024K, 22 young (22528K), 5 survivors (5120K)
 Metaspace       used 21226K, committed 21504K, reserved 1114112K
  class space    used 2525K, committed 2688K, reserved 1048576K
}
Event: 30.893 GC heap after
{Heap after GC invocations=7 (full 0):
 garbage-first heap   total reserved 1558528K, committed 98304K, used 26342K [0x00000000a0e00000, 0x0000000100000000)
  region size 1024K, 7 young (7168K), 7 survivors (7168K)
 Metaspace       used 21226K, committed 21504K, reserved 1114112K
  class space    used 2525K, committed 2688K, reserved 1048576K
}

